2025-06-29T23:28:27+00:00
START
2025-06-29T23:28:30+00:00
START
2025-06-29T23:28:33+00:00
START
2025-06-29T23:29:14+00:00
START
2025-06-29T23:30:57+00:00
START
2025-06-29T23:31:01+00:00
START
2025-06-29T23:31:04+00:00
START
2025-06-29T23:32:14+00:00
START
2025-06-29T23:32:18+00:00
START
2025-06-29T23:32:21+00:00
START
2025-06-29T23:32:50+00:00
START
2025-06-29T23:32:53+00:00
START
2025-06-29T23:32:56+00:00
START
2025-06-29T23:33:35+00:00
START
2025-06-29T23:33:39+00:00
START
2025-06-29T23:33:44+00:00
START
2025-06-29T23:33:47+00:00
START
2025-06-29T23:35:48+00:00
START
2025-06-29T23:35:51+00:00
START
2025-06-29T23:35:55+00:00
START
2025-06-29T23:36:33+00:00
START
2025-06-29T23:36:35+00:00
START
2025-06-29T23:36:38+00:00
START
2025-06-29T23:36:51+00:00
START
2025-06-29T23:37:18+00:00
START
2025-06-29T23:37:20+00:00
START
2025-06-29T23:37:23+00:00
START
2025-06-29T23:38:58+00:00
START
2025-06-29T23:39:01+00:00
START
2025-06-29T23:39:03+00:00
START
2025-06-29T23:39:16+00:00
START
2025-06-29T23:39:17+00:00
START
2025-06-29T23:39:21+00:00
START
2025-06-29T23:39:23+00:00
START
2025-06-29T23:39:32+00:00
START
2025-06-29T23:39:35+00:00
START
2025-06-29T23:40:18+00:00
START
2025-06-29T23:40:20+00:00
START
2025-06-29T23:41:56+00:00
START
2025-06-29T23:42:00+00:00
START
2025-06-29T23:42:12+00:00
START
2025-06-29T23:42:15+00:00
START
2025-06-29T23:42:30+00:00
START
2025-06-29T23:42:32+00:00
START
2025-06-29T23:43:07+00:00
START
2025-06-29T23:43:16+00:00
START
2025-06-29T23:43:51+00:00
START
2025-06-29T23:43:54+00:00
START
2025-06-29T23:44:33+00:00
START
2025-06-29T23:44:37+00:00
START
2025-06-29T23:45:08+00:00
START
2025-06-29T23:45:17+00:00
START
2025-06-29T23:45:20+00:00
START
2025-06-29T23:47:05+00:00
START
2025-06-29T23:47:08+00:00
START
2025-06-29T23:47:32+00:00
START
2025-06-29T23:47:35+00:00
START
2025-06-29T23:48:39+00:00
START
2025-06-29T23:48:43+00:00
START
2025-06-29T23:48:56+00:00
START
2025-06-29T23:48:57+00:00
START
2025-06-29T23:48:58+00:00
START
2025-06-29T23:48:58+00:00
START
2025-06-29T23:48:58+00:00
START
2025-06-29T23:48:58+00:00
START
2025-06-29T23:48:59+00:00
START
2025-06-29T23:48:59+00:00
START
2025-06-29T23:49:00+00:00
START
2025-06-29T23:49:00+00:00
START
2025-06-29T23:49:00+00:00
START
2025-06-29T23:49:02+00:00
START
2025-06-29T23:49:05+00:00
START
2025-06-29T23:49:09+00:00
START
2025-06-29T23:50:21+00:00
START
2025-06-29T23:50:24+00:00
START
2025-06-29T23:51:22+00:00
START
2025-06-29T23:51:25+00:00
START
2025-06-29T23:51:30+00:00
START
2025-06-29T23:51:46+00:00
START
2025-06-29T23:51:55+00:00
START
2025-06-29T23:51:57+00:00
START
2025-06-29T23:52:17+00:00
START
2025-06-29T23:52:19+00:00
START
2025-06-29T23:52:28+00:00
START
2025-06-29T23:52:31+00:00
START
2025-06-29T23:52:40+00:00
START
2025-06-29T23:52:42+00:00
START
2025-06-29T23:53:31+00:00
START
2025-06-29T23:53:33+00:00
START
2025-06-29T23:53:38+00:00
START
2025-06-29T23:55:19+00:00
START
2025-06-29T23:55:22+00:00
START
2025-06-29T23:55:36+00:00
START
2025-06-29T23:55:37+00:00
START
2025-06-29T23:55:49+00:00
START
2025-06-29T23:55:52+00:00
START
2025-06-29T23:57:39+00:00
START
2025-06-29T23:57:41+00:00
START
2025-06-29T23:57:55+00:00
START
2025-06-29T23:57:57+00:00
START
2025-06-29T23:59:12+00:00
START
2025-06-29T23:59:14+00:00
START
2025-06-29T23:59:21+00:00
START
2025-06-29T23:59:33+00:00
START
2025-06-30T00:00:47+00:00
START
2025-06-30T00:00:50+00:00
START
2025-06-30T00:00:54+00:00
START
2025-06-30T00:00:57+00:00
START
2025-06-30T00:01:03+00:00
START
2025-06-30T00:01:05+00:00
START
2025-06-30T00:07:25+00:00
START
2025-06-30T00:07:33+00:00
START
2025-06-30T00:07:38+00:00
START
2025-06-30T00:17:02+00:00
START
2025-06-30T00:17:04+00:00
START
2025-06-30T00:18:31+00:00
START
2025-06-30T00:18:33+00:00
START
2025-06-30T00:18:35+00:00
START
2025-06-30T00:19:05+00:00
START
2025-06-30T00:19:07+00:00
START
2025-06-30T00:19:10+00:00
START
2025-06-30T00:21:47+00:00
START
2025-06-30T00:21:49+00:00
START
2025-06-30T00:21:49+00:00
START
2025-06-30T00:21:53+00:00
START
2025-06-30T00:22:06+00:00
START
2025-06-30T00:22:13+00:00
START
2025-07-02T14:02:43+00:00
START
2025-07-02T14:03:10+00:00
START
2025-07-02T18:18:19+00:00
START
2025-07-02T18:18:23+00:00
START
2025-07-02T18:18:25+00:00
START
2025-07-02T18:18:30+00:00
START
2025-07-02T18:18:31+00:00
START
2025-07-02T18:21:46+00:00
START
2025-07-02T18:21:53+00:00
START
2025-07-02T18:21:55+00:00
START
2025-07-02T18:22:02+00:00
START
2025-07-02T18:22:03+00:00
START
2025-07-02T18:25:27+00:00
START
2025-07-02T18:25:31+00:00
START
2025-07-02T18:25:37+00:00
START
2025-07-02T20:30:00+00:00
START
2025-07-02T20:30:10+00:00
START
2025-07-02T20:30:17+00:00
START
2025-07-02T20:30:20+00:00
START
2025-07-02T20:30:22+00:00
START
2025-07-02T20:30:22+00:00
START
2025-07-02T20:31:49+00:00
START
2025-07-02T20:31:51+00:00
START
2025-07-02T20:45:19+00:00
START
2025-07-02T20:47:01+00:00
START
2025-07-02T21:21:12+00:00
START
2025-07-02T21:23:35+00:00
START
2025-07-02T21:23:38+00:00
START
2025-07-02T21:23:47+00:00
START
2025-07-02T21:23:49+00:00
START
2025-07-02T21:23:57+00:00
START
2025-07-02T21:23:59+00:00
START
2025-07-03T06:42:08+00:00
START
2025-07-03T09:14:20+00:00
START
2025-07-03T09:14:24+00:00
START
2025-07-03T09:14:38+00:00
START
2025-07-03T09:14:42+00:00
START
2025-07-03T09:15:26+00:00
START
2025-07-03T12:57:47+00:00
START
2025-07-03T12:57:47+00:00
FATAL: Array
(
    [type] => 2
    [message] => Cannot modify header information - headers already sent by (output started at /var/www/html/src/Controller/controller-reservation.php:1)
    [file] => /var/www/html/src/Controller/controller-reservation.php
    [line] => 39
)

2025-07-03T13:00:04+00:00
START
2025-07-03T13:00:04+00:00
FATAL: Array
(
    [type] => 2
    [message] => Cannot modify header information - headers already sent by (output started at /var/www/html/src/Controller/controller-reservation.php:1)
    [file] => /var/www/html/src/Controller/controller-reservation.php
    [line] => 39
)

2025-07-03T13:00:47+00:00
START
2025-07-03T13:00:47+00:00
FATAL: Array
(
    [type] => 2
    [message] => Cannot modify header information - headers already sent by (output started at /var/www/html/src/Controller/controller-reservation.php:1)
    [file] => /var/www/html/src/Controller/controller-reservation.php
    [line] => 41
)

2025-07-03T13:01:36+00:00
START
2025-07-03T13:01:36+00:00
FATAL: Array
(
    [type] => 2
    [message] => Cannot modify header information - headers already sent by (output started at /var/www/html/src/Controller/controller-reservation.php:1)
    [file] => /var/www/html/src/Controller/controller-reservation.php
    [line] => 39
)

2025-07-03T13:01:39+00:00
START
2025-07-03T13:01:39+00:00
FATAL: Array
(
    [type] => 2
    [message] => Cannot modify header information - headers already sent by (output started at /var/www/html/src/Controller/controller-reservation.php:1)
    [file] => /var/www/html/src/Controller/controller-reservation.php
    [line] => 39
)

2025-07-03T13:01:42+00:00
START
2025-07-03T13:01:42+00:00
FATAL: Array
(
    [type] => 2
    [message] => Cannot modify header information - headers already sent by (output started at /var/www/html/src/Controller/controller-reservation.php:1)
    [file] => /var/www/html/src/Controller/controller-reservation.php
    [line] => 39
)

2025-07-03T13:03:08+00:00
START
2025-07-03T13:03:08+00:00
FATAL: Array
(
    [type] => 1
    [message] => Uncaught Error: Call to undefined function cal_days_in_month() in /var/www/html/src/View/view-reservation.php:49
Stack trace:
#0 /var/www/html/src/Controller/controller-reservation.php(344): include_once()
#1 {main}
  thrown
    [file] => /var/www/html/src/View/view-reservation.php
    [line] => 49
)

2025-07-03T13:19:04+00:00
START
2025-07-03T13:19:14+00:00
START
2025-07-03T13:19:16+00:00
START
2025-07-03T13:19:18+00:00
START
2025-07-03T13:19:19+00:00
START
2025-07-03T13:19:21+00:00
START
2025-07-03T13:19:25+00:00
START
2025-07-03T13:19:27+00:00
START
